10-08-2018 16:45:36 +0530 [ INFO] [[/AdminLTEDemo]] - Initializing Spring root WebApplicationContext
10-08-2018 16:45:38 +0530 [ INFO] [DefaultGrailsPluginManager] - Attempting to load [0] user defined plugins
10-08-2018 16:45:39 +0530 [ INFO] [DefaultGrailsPluginManager] - Grails plug-in [logging] with version [2.4.4] loaded successfully
10-08-2018 16:45:39 +0530 [ INFO] [DefaultGrailsPluginManager] - Grails plug-in [restResponder] with version [2.4.4] loaded successfully
10-08-2018 16:45:39 +0530 [ INFO] [DefaultGrailsPluginManager] - Grails plug-in [i18n] with version [2.4.4] loaded successfully
10-08-2018 16:45:39 +0530 [ INFO] [DefaultGrailsPluginManager] - Grails plug-in [dataBinding] with version [2.4.4] loaded successfully
10-08-2018 16:45:39 +0530 [ INFO] [DefaultGrailsPluginManager] - Grails plug-in [core] with version [2.4.4] loaded successfully
10-08-2018 16:45:39 +0530 [ INFO] [DefaultGrailsPluginManager] - Grails plug-in [webxml] with version [1.4.1] loaded successfully
10-08-2018 16:45:39 +0530 [ INFO] [DefaultGrailsPluginManager] - Grails plug-in [databaseMigration] with version [1.4.0] loaded successfully
10-08-2018 16:45:39 +0530 [ INFO] [DefaultGrailsPluginManager] - Grails plug-in [jquery] with version [1.11.1] loaded successfully
10-08-2018 16:45:39 +0530 [ INFO] [DefaultGrailsPluginManager] - Grails plug-in [codecs] with version [2.4.4] loaded successfully
10-08-2018 16:45:39 +0530 [ INFO] [DefaultGrailsPluginManager] - Grails plug-in [urlMappings] with version [2.4.4] loaded successfully
10-08-2018 16:45:39 +0530 [ INFO] [DefaultGrailsPluginManager] - Grails plug-in [servlets] with version [2.4.4] loaded successfully
10-08-2018 16:45:39 +0530 [ INFO] [DefaultGrailsPluginManager] - Grails plug-in [dataSource] with version [2.4.4] loaded successfully
10-08-2018 16:45:39 +0530 [ INFO] [DefaultGrailsPluginManager] - Grails plug-in [assetPipeline] with version [1.9.9] loaded successfully
10-08-2018 16:45:39 +0530 [ INFO] [DefaultGrailsPluginManager] - Grails plug-in [controllers] with version [2.4.4] loaded successfully
10-08-2018 16:45:39 +0530 [ INFO] [DefaultGrailsPluginManager] - Grails plug-in [mimeTypes] with version [2.4.4] loaded successfully
10-08-2018 16:45:39 +0530 [ INFO] [DefaultGrailsPluginManager] - Grails plug-in [filters] with version [2.4.4] loaded successfully
10-08-2018 16:45:39 +0530 [ INFO] [DefaultGrailsPluginManager] - Grails plug-in [controllersAsync] with version [2.4.4] loaded successfully
10-08-2018 16:45:39 +0530 [ INFO] [DefaultGrailsPluginManager] - Grails plug-in [domainClass] with version [2.4.4] loaded successfully
10-08-2018 16:45:39 +0530 [ INFO] [DefaultGrailsPluginManager] - Grails plug-in [groovyPages] with version [2.4.4] loaded successfully
10-08-2018 16:45:39 +0530 [ INFO] [DefaultGrailsPluginManager] - Grails plug-in [scaffolding] with version [2.1.2] loaded successfully
10-08-2018 16:45:39 +0530 [ INFO] [DefaultGrailsPluginManager] - Grails plug-in [hibernate4] with version [4.3.6.1] loaded successfully
10-08-2018 16:45:39 +0530 [ INFO] [DefaultGrailsPluginManager] - Grails plug-in [services] with version [2.4.4] loaded successfully
10-08-2018 16:45:39 +0530 [ INFO] [DefaultGrailsPluginManager] - Grails plug-in [converters] with version [2.4.4] loaded successfully
10-08-2018 16:45:39 +0530 [ INFO] [DefaultGrailsPluginManager] - Grails plug-in [validation] with version [2.4.4] loaded successfully
10-08-2018 16:45:39 +0530 [ INFO] [DefaultGrailsPluginManager] - Grails plug-in [cache] with version [1.1.8] loaded successfully
10-08-2018 16:45:39 +0530 [ INFO] [DefaultGrailsPluginManager] - Grails plug-in [springSecurityCore] with version [2.0.0] loaded successfully
10-08-2018 16:45:39 +0530 [ INFO] [DefaultGrailsPluginManager] - Grails plug-in [springSecurityRest] with version [1.5.4] loaded successfully
10-08-2018 16:45:39 +0530 [ INFO] [DefaultGrailsPluginManager] - Grails plug-in [cors] with version [1.1.6] loaded successfully
10-08-2018 16:45:39 +0530 [ INFO] [DefaultGrailsPluginManager] - Grails plug-in [quartz] with version [1.0.2] loaded successfully
10-08-2018 16:45:42 +0530 [ INFO] [DataSourceGrailsPlugin] - [RuntimeConfiguration] Configuring data source for environment: DEVELOPMENT
10-08-2018 16:45:43 +0530 [ INFO] [HibernatePluginSupport] - Set db generation strategy to 'update' for datasource DEFAULT
10-08-2018 16:45:44 +0530 [ INFO] [OptimizedAutowireCapableBeanFactory] - Overriding bean definition for bean 'org.springframework.context.annotation.internalConfigurationAnnotationProcessor': replacing [Root bean: class [org.springframework.context.annotation.ConfigurationClassPostProcessor]; scope=; abstract=false; lazyInit=false; autowireMode=0; dependencyCheck=0; autowireCandidate=true; primary=false; factoryBeanName=null; factoryMethodName=null; initMethodName=null; destroyMethodName=null] with [Root bean: class [org.springframework.context.annotation.ConfigurationClassPostProcessor]; scope=; abstract=false; lazyInit=false; autowireMode=0; dependencyCheck=0; autowireCandidate=true; primary=false; factoryBeanName=null; factoryMethodName=null; initMethodName=null; destroyMethodName=null]
10-08-2018 16:45:44 +0530 [ INFO] [OptimizedAutowireCapableBeanFactory] - Overriding bean definition for bean 'org.springframework.context.annotation.internalAutowiredAnnotationProcessor': replacing [Root bean: class [org.springframework.beans.factory.annotation.AutowiredAnnotationBeanPostProcessor]; scope=; abstract=false; lazyInit=false; autowireMode=0; dependencyCheck=0; autowireCandidate=true; primary=false; factoryBeanName=null; factoryMethodName=null; initMethodName=null; destroyMethodName=null] with [Root bean: class [org.springframework.beans.factory.annotation.AutowiredAnnotationBeanPostProcessor]; scope=; abstract=false; lazyInit=false; autowireMode=0; dependencyCheck=0; autowireCandidate=true; primary=false; factoryBeanName=null; factoryMethodName=null; initMethodName=null; destroyMethodName=null]
10-08-2018 16:45:44 +0530 [ INFO] [OptimizedAutowireCapableBeanFactory] - Overriding bean definition for bean 'org.springframework.context.annotation.internalRequiredAnnotationProcessor': replacing [Root bean: class [org.springframework.beans.factory.annotation.RequiredAnnotationBeanPostProcessor]; scope=; abstract=false; lazyInit=false; autowireMode=0; dependencyCheck=0; autowireCandidate=true; primary=false; factoryBeanName=null; factoryMethodName=null; initMethodName=null; destroyMethodName=null] with [Root bean: class [org.springframework.beans.factory.annotation.RequiredAnnotationBeanPostProcessor]; scope=; abstract=false; lazyInit=false; autowireMode=0; dependencyCheck=0; autowireCandidate=true; primary=false; factoryBeanName=null; factoryMethodName=null; initMethodName=null; destroyMethodName=null]
10-08-2018 16:45:44 +0530 [ INFO] [OptimizedAutowireCapableBeanFactory] - Overriding bean definition for bean 'org.springframework.context.annotation.internalCommonAnnotationProcessor': replacing [Root bean: class [org.springframework.context.annotation.CommonAnnotationBeanPostProcessor]; scope=; abstract=false; lazyInit=false; autowireMode=0; dependencyCheck=0; autowireCandidate=true; primary=false; factoryBeanName=null; factoryMethodName=null; initMethodName=null; destroyMethodName=null] with [Root bean: class [org.springframework.context.annotation.CommonAnnotationBeanPostProcessor]; scope=; abstract=false; lazyInit=false; autowireMode=0; dependencyCheck=0; autowireCandidate=true; primary=false; factoryBeanName=null; factoryMethodName=null; initMethodName=null; destroyMethodName=null]
10-08-2018 16:45:44 +0530 [ INFO] [OptimizedAutowireCapableBeanFactory] - Overriding bean definition for bean 'org.springframework.context.annotation.internalPersistenceAnnotationProcessor': replacing [Root bean: class [org.springframework.orm.jpa.support.PersistenceAnnotationBeanPostProcessor]; scope=; abstract=false; lazyInit=false; autowireMode=0; dependencyCheck=0; autowireCandidate=true; primary=false; factoryBeanName=null; factoryMethodName=null; initMethodName=null; destroyMethodName=null] with [Root bean: class [org.springframework.orm.jpa.support.PersistenceAnnotationBeanPostProcessor]; scope=; abstract=false; lazyInit=false; autowireMode=0; dependencyCheck=0; autowireCandidate=true; primary=false; factoryBeanName=null; factoryMethodName=null; initMethodName=null; destroyMethodName=null]
10-08-2018 16:45:44 +0530 [ INFO] [OptimizedAutowireCapableBeanFactory] - Overriding bean definition for bean 'org.springframework.aop.config.internalAutoProxyCreator': replacing [Root bean: class [org.springframework.aop.framework.autoproxy.InfrastructureAdvisorAutoProxyCreator]; scope=; abstract=false; lazyInit=false; autowireMode=0; dependencyCheck=0; autowireCandidate=true; primary=false; factoryBeanName=null; factoryMethodName=null; initMethodName=null; destroyMethodName=null] with [Root bean: class [org.springframework.aop.framework.autoproxy.InfrastructureAdvisorAutoProxyCreator]; scope=; abstract=false; lazyInit=false; autowireMode=0; dependencyCheck=0; autowireCandidate=true; primary=false; factoryBeanName=null; factoryMethodName=null; initMethodName=null; destroyMethodName=null]
10-08-2018 16:45:44 +0530 [ INFO] [OptimizedAutowireCapableBeanFactory] - Overriding bean definition for bean 'org.springframework.transaction.annotation.AnnotationTransactionAttributeSource#0': replacing [Root bean: class [org.springframework.transaction.annotation.AnnotationTransactionAttributeSource]; scope=; abstract=false; lazyInit=false; autowireMode=0; dependencyCheck=0; autowireCandidate=true; primary=false; factoryBeanName=null; factoryMethodName=null; initMethodName=null; destroyMethodName=null] with [Root bean: class [org.springframework.transaction.annotation.AnnotationTransactionAttributeSource]; scope=; abstract=false; lazyInit=false; autowireMode=0; dependencyCheck=0; autowireCandidate=true; primary=false; factoryBeanName=null; factoryMethodName=null; initMethodName=null; destroyMethodName=null]
10-08-2018 16:45:44 +0530 [ INFO] [OptimizedAutowireCapableBeanFactory] - Overriding bean definition for bean 'org.springframework.transaction.interceptor.TransactionInterceptor#0': replacing [Root bean: class [org.springframework.transaction.interceptor.TransactionInterceptor]; scope=; abstract=false; lazyInit=false; autowireMode=0; dependencyCheck=0; autowireCandidate=true; primary=false; factoryBeanName=null; factoryMethodName=null; initMethodName=null; destroyMethodName=null] with [Root bean: class [org.springframework.transaction.interceptor.TransactionInterceptor]; scope=; abstract=false; lazyInit=false; autowireMode=0; dependencyCheck=0; autowireCandidate=true; primary=false; factoryBeanName=null; factoryMethodName=null; initMethodName=null; destroyMethodName=null]
10-08-2018 16:45:44 +0530 [ INFO] [OptimizedAutowireCapableBeanFactory] - Overriding bean definition for bean 'org.springframework.transaction.config.internalTransactionAdvisor': replacing [Root bean: class [org.springframework.transaction.interceptor.BeanFactoryTransactionAttributeSourceAdvisor]; scope=; abstract=false; lazyInit=false; autowireMode=0; dependencyCheck=0; autowireCandidate=true; primary=false; factoryBeanName=null; factoryMethodName=null; initMethodName=null; destroyMethodName=null] with [Root bean: class [org.springframework.transaction.interceptor.BeanFactoryTransactionAttributeSourceAdvisor]; scope=; abstract=false; lazyInit=false; autowireMode=0; dependencyCheck=0; autowireCandidate=true; primary=false; factoryBeanName=null; factoryMethodName=null; initMethodName=null; destroyMethodName=null]
10-08-2018 16:45:44 +0530 [ INFO] [OptimizedAutowireCapableBeanFactory] - Overriding bean definition for bean 'org.springframework.cache.annotation.AnnotationCacheOperationSource#0': replacing [Root bean: class [org.springframework.cache.annotation.AnnotationCacheOperationSource]; scope=; abstract=false; lazyInit=false; autowireMode=0; dependencyCheck=0; autowireCandidate=true; primary=false; factoryBeanName=null; factoryMethodName=null; initMethodName=null; destroyMethodName=null] with [Root bean: class [org.springframework.cache.annotation.AnnotationCacheOperationSource]; scope=; abstract=false; lazyInit=false; autowireMode=0; dependencyCheck=0; autowireCandidate=true; primary=false; factoryBeanName=null; factoryMethodName=null; initMethodName=null; destroyMethodName=null]
10-08-2018 16:45:44 +0530 [ INFO] [OptimizedAutowireCapableBeanFactory] - Overriding bean definition for bean 'org.springframework.cache.interceptor.CacheInterceptor#0': replacing [Root bean: class [org.springframework.cache.interceptor.CacheInterceptor]; scope=; abstract=false; lazyInit=false; autowireMode=0; dependencyCheck=0; autowireCandidate=true; primary=false; factoryBeanName=null; factoryMethodName=null; initMethodName=null; destroyMethodName=null] with [Root bean: class [org.springframework.cache.interceptor.CacheInterceptor]; scope=; abstract=false; lazyInit=false; autowireMode=0; dependencyCheck=0; autowireCandidate=true; primary=false; factoryBeanName=null; factoryMethodName=null; initMethodName=null; destroyMethodName=null]
10-08-2018 16:45:44 +0530 [ INFO] [OptimizedAutowireCapableBeanFactory] - Overriding bean definition for bean 'org.springframework.cache.config.internalCacheAdvisor': replacing [Root bean: class [org.springframework.cache.interceptor.BeanFactoryCacheOperationSourceAdvisor]; scope=; abstract=false; lazyInit=false; autowireMode=0; dependencyCheck=0; autowireCandidate=true; primary=false; factoryBeanName=null; factoryMethodName=null; initMethodName=null; destroyMethodName=null] with [Root bean: class [org.springframework.cache.interceptor.BeanFactoryCacheOperationSourceAdvisor]; scope=; abstract=false; lazyInit=false; autowireMode=0; dependencyCheck=0; autowireCandidate=true; primary=false; factoryBeanName=null; factoryMethodName=null; initMethodName=null; destroyMethodName=null]
10-08-2018 16:45:44 +0530 [ INFO] [GrailsWebApplicationContext] - Refreshing org.codehaus.groovy.grails.commons.spring.GrailsWebApplicationContext@52c5e71b: startup date [Fri Aug 10 16:45:44 IST 2018]; parent: Root WebApplicationContext
10-08-2018 16:45:44 +0530 [ INFO] [CacheBeanPostProcessor] - postProcessBeanDefinitionRegistry start
10-08-2018 16:45:44 +0530 [ INFO] [CacheBeanPostProcessor] - postProcessBeanFactory
10-08-2018 16:45:45 +0530 [ WARN] [ConfigurationFactory] - No configuration found. Configuring ehcache from ehcache-failsafe.xml  found in the classpath: jar:file:/home/KS141/.m2/repository/net/sf/ehcache/ehcache/2.9.0/ehcache-2.9.0.jar!/ehcache-failsafe.xml
10-08-2018 16:45:48 +0530 [ INFO] [AbstractGrailsTemplateGenerator] - Scaffolding template generator set to use resource loader [org.codehaus.groovy.grails.commons.spring.GrailsWebApplicationContext@52c5e71b: startup date [Fri Aug 10 16:45:44 IST 2018]; parent: Root WebApplicationContext]
10-08-2018 16:45:49 +0530 [ INFO] [StdSchedulerFactory] - Using default implementation for ThreadExecutor
10-08-2018 16:45:49 +0530 [ INFO] [SchedulerSignalerImpl] - Initialized Scheduler Signaller of type: class org.quartz.core.SchedulerSignalerImpl
10-08-2018 16:45:49 +0530 [ INFO] [QuartzScheduler] - Quartz Scheduler v.2.2.1 created.
10-08-2018 16:45:49 +0530 [ INFO] [RAMJobStore] - RAMJobStore initialized.
10-08-2018 16:45:49 +0530 [ INFO] [QuartzScheduler] - Scheduler meta-data: Quartz Scheduler (v2.2.1) 'quartzScheduler' with instanceId 'NON_CLUSTERED'
  Scheduler class: 'org.quartz.core.QuartzScheduler' - running locally.
  NOT STARTED.
  Currently in standby mode.
  Number of jobs executed: 0
  Using thread pool 'org.quartz.simpl.SimpleThreadPool' - with 10 threads.
  Using job-store 'org.quartz.simpl.RAMJobStore' - which does not support persistence. and is not clustered.

10-08-2018 16:45:49 +0530 [ INFO] [StdSchedulerFactory] - Quartz scheduler 'quartzScheduler' initialized from an externally provided properties instance.
10-08-2018 16:45:49 +0530 [ INFO] [StdSchedulerFactory] - Quartz scheduler version: 2.2.1
10-08-2018 16:45:49 +0530 [ INFO] [QuartzScheduler] - JobFactory set to: grails.plugins.quartz.GrailsJobFactory@109789b3
10-08-2018 16:45:49 +0530 [ INFO] [TomcatJDBCPoolMBeanExporter] - Registering beans for JMX exposure on startup
10-08-2018 16:45:51 +0530 [ INFO] [MigrationRunner] - updateOnStart disabled for dataSource; not running migrations
10-08-2018 16:45:51 +0530 [ INFO] [FiltersGrailsPlugin] - reloadFilters
10-08-2018 16:45:51 +0530 [ INFO] [ScaffoldingGrailsPlugin] - configuring scaffolding...
10-08-2018 16:45:51 +0530 [ INFO] [ScaffoldingGrailsPlugin] - done configuring scaffolding.
10-08-2018 16:45:51 +0530 [ INFO] [GrailsConfigUtils] - [GrailsContextLoader] Grails application loaded.
10-08-2018 16:45:51 +0530 [ INFO] [QuartzScheduler] - Scheduler quartzScheduler_$_NON_CLUSTERED started.
10-08-2018 16:45:51 +0530 [ INFO] [BootStrap] - Exception ::: Class -> BootStrap ::: Method -> bootstrapDefaultSystemSuperAdminUsers ::: null
10-08-2018 16:45:52 +0530 [ INFO] [[/AdminLTEDemo]] - Initializing Spring FrameworkServlet 'grails'
10-08-2018 16:45:52 +0530 [ INFO] [GrailsDispatcherServlet] - FrameworkServlet 'grails': initialization started
10-08-2018 16:45:52 +0530 [ INFO] [GrailsDispatcherServlet] - Using MultipartResolver [org.codehaus.groovy.grails.web.multipart.ContentLengthAwareCommonsMultipartResolver@43bdee36]
10-08-2018 16:45:52 +0530 [ INFO] [GrailsDispatcherServlet] - FrameworkServlet 'grails': initialization completed in 27 ms
10-08-2018 16:45:52 +0530 [ INFO] [Http11Protocol] - Starting ProtocolHandler ["http-bio-8080"]
10-08-2018 16:48:01 +0530 [ INFO] [GrailsWebApplicationContext] - Closing org.codehaus.groovy.grails.commons.spring.GrailsWebApplicationContext@52c5e71b: startup date [Fri Aug 10 16:45:44 IST 2018]; parent: Root WebApplicationContext
10-08-2018 16:48:01 +0530 [ INFO] [GrailsDomainClassCleaner] - Clearing static property staticGormStaticApi in com.auth.UserRole
10-08-2018 16:48:01 +0530 [ INFO] [GrailsDomainClassCleaner] - Clearing static property instanceGormInstanceApi in com.auth.UserRole
10-08-2018 16:48:01 +0530 [ INFO] [GrailsDomainClassCleaner] - Clearing static property instanceGormValidationApi in com.auth.UserRole
10-08-2018 16:48:01 +0530 [ INFO] [GrailsDomainClassCleaner] - Clearing static property staticGormStaticApi in com.auth.Role
10-08-2018 16:48:01 +0530 [ INFO] [GrailsDomainClassCleaner] - Clearing static property instanceGormInstanceApi in com.auth.Role
10-08-2018 16:48:01 +0530 [ INFO] [GrailsDomainClassCleaner] - Clearing static property instanceGormValidationApi in com.auth.Role
10-08-2018 16:48:01 +0530 [ INFO] [GrailsDomainClassCleaner] - Clearing static property instanceGormValidationApi in com.auth.User
10-08-2018 16:48:01 +0530 [ INFO] [GrailsDomainClassCleaner] - Clearing static property staticGormStaticApi in com.auth.User
10-08-2018 16:48:01 +0530 [ INFO] [GrailsDomainClassCleaner] - Clearing static property instanceGormInstanceApi in com.auth.User
10-08-2018 16:48:01 +0530 [ INFO] [QuartzScheduler] - Scheduler quartzScheduler_$_NON_CLUSTERED paused.
10-08-2018 16:48:01 +0530 [ INFO] [TomcatJDBCPoolMBeanExporter] - Unregistering JMX-exposed beans on shutdown
10-08-2018 16:48:01 +0530 [ INFO] [QuartzScheduler] - Scheduler quartzScheduler_$_NON_CLUSTERED shutting down.
10-08-2018 16:48:01 +0530 [ INFO] [QuartzScheduler] - Scheduler quartzScheduler_$_NON_CLUSTERED paused.
10-08-2018 16:48:01 +0530 [ INFO] [QuartzScheduler] - Scheduler quartzScheduler_$_NON_CLUSTERED shutdown complete.
